<?xml version="1.0" encoding="UTF-8"?>
<!-- Generated by org.testng.reporters.JUnitReportReporter -->
<testsuite hostname="DESKTOP-AOEQFTK" failures="0" tests="2" name="utilities.Reporting" time="0.001" errors="0" timestamp="2023-04-26T13:03:00 EAT" skipped="0">
  <testcase classname="utilities.Reporting" name="reporterTest2" time="0.001"/>
  <system-out>
    <![CDATA[Method name is reporterTest2
This is test 2
Status of execution is 1]]>
  </system-out>
  <testcase classname="utilities.Reporting" name="reporterTest1" time="0.000"/>
  <system-out>
    <![CDATA[Method name is reporterTest1
This is test 1
Status of execution is 1]]>
  </system-out>
</testsuite> <!-- utilities.Reporting -->
