<?xml version="1.0" encoding="UTF-8"?>
<!-- Generated by org.testng.reporters.JUnitReportReporter -->
<testsuite hostname="DESKTOP-AOEQFTK" failures="0" tests="1" name="testcases.NewCustomerTest" time="71.224" errors="0" timestamp="2023-04-26T13:03:00 EAT" skipped="0">
  <testcase classname="testcases.NewCustomerTest" name="addNewCustomer" time="71.224"/>
  <system-out>
    <![CDATA[Method name is addNewCustomer
Status of execution is 1]]>
  </system-out>
</testsuite> <!-- testcases.NewCustomerTest -->
